⠋ preparing local preview...
[2K[1A[2K[G⠙ preparing local preview...
[2K[1A[2K[G⠹ preparing local preview...
[2K[1A[2K[G⠸ preparing local preview...
[2K[1A[2K[G⠼ preparing local preview...
[2K[1A[2K[G⠴ preparing local preview...
[2K[1A[2K[G⠦ preparing local preview...
[2K[1A[2K[G⠧ preparing local preview...
[2K[1A[2K[G⠇ preparing local preview...
[2K[1A[2K[G⠏ preparing local preview...
[2K[1A[2K[G✓ preview ready

  local   → http://localhost:3333
  network → http://10.102.44.15:3333

press ctrl+c to exit the preview

[2K[1A[2K[1A[2K[1A[2K[1A[2K[1A[2K[1A[2K[1A[2K[G[ResponseAborted: ]
✓ preview ready

  local   → http://localhost:3333
  network → http://10.102.44.15:3333

press ctrl+c to exit the preview

[2K[1A[2K[1A[2K[1A[2K[1A[2K[1A[2K[1A[2K[1A[2K[G
✓ preview ready

  local   → http://localhost:3333
  network → http://10.102.44.15:3333

press ctrl+c to exit the preview

[2K[1A[2K[1A[2K[1A[2K[1A[2K[1A[2K[1A[2K[1A[2K[G✓ preview ready

  local   → http://localhost:3333
  network → http://10.102.44.15:3333

press ctrl+c to exit the preview

± changes
edited docs.json
